nohup: ignoring input

*******************************************************************************
KeYmaera X repeatability evaluation.
*******************************************************************************

kyx
KeYmaera X Prover 5.1.1
Use option -help for usage and license information
Proving entries from 1 files
Proving /ismail/kyx5/nonlinear2.kyx#Benchmarks/Nonlinear/Robertson Chemical Reaction#Benchmarks/Nonlinear/Robertson Chemical Reaction ...
Done /ismail/kyx5/nonlinear2.kyx#Benchmarks/Nonlinear/Robertson Chemical Reaction#Benchmarks/Nonlinear/Robertson Chemical Reaction (proved)
PROVED Benchmarks/Nonlinear/Robertson Chemical Reaction: tactic=Scripted proof,tacticsize=2,budget=60[s],duration=428[ms],qe=201[ms],rcf=0,steps=326
KeYmaera X Prover 5.1.1
Use option -help for usage and license information
Proving entries from 1 files
Proving /ismail/kyx5/nonlinear2.kyx#Benchmarks/Nonlinear/Lotka-Volterra with tangential crossing (Invariance)#Benchmarks/Nonlinear/Lotka-Volterra with tangential crossing (Invariance) ...
Done /ismail/kyx5/nonlinear2.kyx#Benchmarks/Nonlinear/Lotka-Volterra with tangential crossing (Invariance)#Benchmarks/Nonlinear/Lotka-Volterra with tangential crossing (Invariance) (proved)
PROVED Benchmarks/Nonlinear/Lotka-Volterra with tangential crossing (Invariance): tactic=Scripted proof,tacticsize=7,budget=60[s],duration=6545[ms],qe=3800[ms],rcf=0,steps=738
KeYmaera X Prover 5.1.1
Use option -help for usage and license information
Proving entries from 1 files
Proving /ismail/kyx5/nonlinear2.kyx#Benchmarks/Nonlinear/Robertson Chemical Reaction#Benchmarks/Nonlinear/Robertson Chemical Reaction ...
Done /ismail/kyx5/nonlinear2.kyx#Benchmarks/Nonlinear/Robertson Chemical Reaction#Benchmarks/Nonlinear/Robertson Chemical Reaction (proved)
PROVED Benchmarks/Nonlinear/Robertson Chemical Reaction: tactic=user,tacticsize=1,budget=60[s],duration=1147[ms],qe=668[ms],rcf=0,steps=760
KeYmaera X Prover 5.1.1
Use option -help for usage and license information
Proving entries from 1 files
Proving /ismail/kyx5/nonlinear2.kyx#Benchmarks/Nonlinear/Lotka-Volterra with tangential crossing (Invariance)#Benchmarks/Nonlinear/Lotka-Volterra with tangential crossing (Invariance) ...
Done /ismail/kyx5/nonlinear2.kyx#Benchmarks/Nonlinear/Lotka-Volterra with tangential crossing (Invariance)#Benchmarks/Nonlinear/Lotka-Volterra with tangential crossing (Invariance) (proved)
PROVED Benchmarks/Nonlinear/Lotka-Volterra with tangential crossing (Invariance): tactic=user,tacticsize=1,budget=60[s],duration=5023[ms],qe=3617[ms],rcf=0,steps=1522
KeYmaera X Prover 5.1.1
Use option -help for usage and license information
KeYmaera X Prover 5.1.1
Use option -help for usage and license information
KeYmaera X Prover 5.1.1
Use option -help for usage and license information
KeYmaera X Prover 5.1.1
Use option -help for usage and license information
kyx5/nonlinear2.kyx.stripped#Benchmarks/Nonlinear/Robertson Chemical Reaction
KeYmaera X Prover 5.1.1
Use option -help for usage and license information
Exception in thread "main" java.io.FileNotFoundException: /ismail/kyx5/nonlinear2.kyx.stripped (No such file or directory)
	at java.base/java.io.FileInputStream.open0(Native Method)
	at java.base/java.io.FileInputStream.open(FileInputStream.java:213)
	at java.base/java.io.FileInputStream.<init>(FileInputStream.java:152)
	at scala.io.Source$.fromFile(Source.scala:94)
	at scala.io.Source$.fromFile(Source.scala:79)
	at scala.io.Source$.fromFile(Source.scala:57)
	at scala.io.Source$.fromFile(Source.scala:63)
	at edu.cmu.cs.ls.keymaerax.parser.ArchiveParser.parseFromFile(ArchiveParser.scala:562)
	at edu.cmu.cs.ls.keymaerax.parser.ArchiveParser.parseFromFile$(ArchiveParser.scala:555)
	at edu.cmu.cs.ls.keymaerax.parser.DLArchiveParser.parseFromFile(DLArchiveParser.scala:49)
	at edu.cmu.cs.ls.keymaerax.parser.ArchiveParser$.parseFromFile(ArchiveParser.scala:625)
	at edu.cmu.cs.ls.keymaerax.cli.KeYmaeraXProofChecker$.$anonfun$prove$16(KeYmaeraXProofChecker.scala:243)
	at scala.collection.immutable.List.map(List.scala:247)
	at edu.cmu.cs.ls.keymaerax.cli.KeYmaeraXProofChecker$.prove(KeYmaeraXProofChecker.scala:243)
	at edu.cmu.cs.ls.keymaerax.cli.KeYmaeraX$.runCommand(KeYmaeraX.scala:98)
	at edu.cmu.cs.ls.keymaerax.launcher.KeYmaeraX$.main(KeYmaeraX.scala:147)
	at edu.cmu.cs.ls.keymaerax.launcher.Main$.main(Main.scala:106)
	at edu.cmu.cs.ls.keymaerax.launcher.Main.main(Main.scala)
rm: cannot remove '//ismail/.keymaerax/cache/lemmadb/qecache': No such file or directory
kyx5/nonlinear2.kyx.stripped#Benchmarks/Nonlinear/Lotka-Volterra with tangential crossing (Invariance)
KeYmaera X Prover 5.1.1
Use option -help for usage and license information
Exception in thread "main" java.io.FileNotFoundException: /ismail/kyx5/nonlinear2.kyx.stripped (No such file or directory)
	at java.base/java.io.FileInputStream.open0(Native Method)
	at java.base/java.io.FileInputStream.open(FileInputStream.java:213)
	at java.base/java.io.FileInputStream.<init>(FileInputStream.java:152)
	at scala.io.Source$.fromFile(Source.scala:94)
	at scala.io.Source$.fromFile(Source.scala:79)
	at scala.io.Source$.fromFile(Source.scala:57)
	at scala.io.Source$.fromFile(Source.scala:63)
	at edu.cmu.cs.ls.keymaerax.parser.ArchiveParser.parseFromFile(ArchiveParser.scala:562)
	at edu.cmu.cs.ls.keymaerax.parser.ArchiveParser.parseFromFile$(ArchiveParser.scala:555)
	at edu.cmu.cs.ls.keymaerax.parser.DLArchiveParser.parseFromFile(DLArchiveParser.scala:49)
	at edu.cmu.cs.ls.keymaerax.parser.ArchiveParser$.parseFromFile(ArchiveParser.scala:625)
	at edu.cmu.cs.ls.keymaerax.cli.KeYmaeraXProofChecker$.$anonfun$prove$16(KeYmaeraXProofChecker.scala:243)
	at scala.collection.immutable.List.map(List.scala:247)
	at edu.cmu.cs.ls.keymaerax.cli.KeYmaeraXProofChecker$.prove(KeYmaeraXProofChecker.scala:243)
	at edu.cmu.cs.ls.keymaerax.cli.KeYmaeraX$.runCommand(KeYmaeraX.scala:98)
	at edu.cmu.cs.ls.keymaerax.launcher.KeYmaeraX$.main(KeYmaeraX.scala:147)
	at edu.cmu.cs.ls.keymaerax.launcher.Main$.main(Main.scala:106)
	at edu.cmu.cs.ls.keymaerax.launcher.Main.main(Main.scala)
rm: cannot remove '//ismail/.keymaerax/cache/lemmadb/qecache': No such file or directory
rm: cannot remove '//ismail/.keymaerax/cache/lemmadb/user': No such file or directory
Done running examples
kyx
